<?xml version="1.0" encoding="UTF-8"?>
<testsuite name="com.tmax.bjk.springboot.web.IndexControllerTest" tests="1" skipped="0" failures="0" errors="0" timestamp="2021-12-28T07:11:59" hostname="DESKTOP-O8G5OBD" time="0.293">
  <properties/>
  <testcase name="메인페이지_로딩()" classname="com.tmax.bjk.springboot.web.IndexControllerTest" time="0.293"/>
  <system-out><![CDATA[16:11:54.384 [Test worker] DEBUG org.springframework.test.context.BootstrapUtils - Instantiating CacheAwareContextLoaderDelegate from class [org.springframework.test.context.cache.DefaultCacheAwareContextLoaderDelegate]
16:11:54.397 [Test worker] DEBUG org.springframework.test.context.BootstrapUtils - Instantiating BootstrapContext using constructor [public org.springframework.test.context.support.DefaultBootstrapContext(java.lang.Class,org.springframework.test.context.CacheAwareContextLoaderDelegate)]
16:11:54.429 [Test worker] DEBUG org.springframework.test.context.BootstrapUtils - Instantiating TestContextBootstrapper for test class [com.tmax.bjk.springboot.web.IndexControllerTest] from class [org.springframework.boot.test.context.SpringBootTestContextBootstrapper]
16:11:54.442 [Test worker] INFO org.springframework.boot.test.context.SpringBootTestContextBootstrapper - Neither @ContextConfiguration nor @ContextHierarchy found for test class [com.tmax.bjk.springboot.web.IndexControllerTest], using SpringBootContextLoader
16:11:54.445 [Test worker] DEBUG org.springframework.test.context.support.AbstractContextLoader - Did not detect default resource location for test class [com.tmax.bjk.springboot.web.IndexControllerTest]: class path resource [com/tmax/bjk/springboot/web/IndexControllerTest-context.xml] does not exist
16:11:54.446 [Test worker] DEBUG org.springframework.test.context.support.AbstractContextLoader - Did not detect default resource location for test class [com.tmax.bjk.springboot.web.IndexControllerTest]: class path resource [com/tmax/bjk/springboot/web/IndexControllerTestContext.groovy] does not exist
16:11:54.446 [Test worker] INFO org.springframework.test.context.support.AbstractContextLoader - Could not detect default resource locations for test class [com.tmax.bjk.springboot.web.IndexControllerTest]: no resource found for suffixes {-context.xml, Context.groovy}.
16:11:54.447 [Test worker] INFO org.springframework.test.context.support.AnnotationConfigContextLoaderUtils - Could not detect default configuration classes for test class [com.tmax.bjk.springboot.web.IndexControllerTest]: IndexControllerTest does not declare any static, non-private, non-final, nested classes annotated with @Configuration.
16:11:54.500 [Test worker] DEBUG org.springframework.test.context.support.ActiveProfilesUtils - Could not find an 'annotation declaring class' for annotation type [org.springframework.test.context.ActiveProfiles] and class [com.tmax.bjk.springboot.web.IndexControllerTest]
16:11:54.609 [Test worker] DEBUG org.springframework.context.annotation.ClassPathScanningCandidateComponentProvider - Identified candidate component class: file [D:\my-improvement-ability\Spring\intellij-workspace\build\classes\java\main\com\tmax\bjk\springboot\Application.class]
16:11:54.611 [Test worker] INFO org.springframework.boot.test.context.SpringBootTestContextBootstrapper - Found @SpringBootConfiguration com.tmax.bjk.springboot.Application for test class com.tmax.bjk.springboot.web.IndexControllerTest
16:11:54.697 [Test worker] DEBUG org.springframework.boot.test.context.SpringBootTestContextBootstrapper - @TestExecutionListeners is not present for class [com.tmax.bjk.springboot.web.IndexControllerTest]: using defaults.
16:11:54.698 [Test worker] INFO org.springframework.boot.test.context.SpringBootTestContextBootstrapper - Loaded default TestExecutionListener class names from location [META-INF/spring.factories]: [org.springframework.boot.test.autoconfigure.restdocs.RestDocsTestExecutionListener, org.springframework.boot.test.autoconfigure.web.client.MockRestServiceServerResetTestExecutionListener, org.springframework.boot.test.autoconfigure.web.servlet.MockMvcPrintOnlyOnFailureTestExecutionListener, org.springframework.boot.test.autoconfigure.web.servlet.WebDriverTestExecutionListener, org.springframework.boot.test.autoconfigure.webservices.client.MockWebServiceServerTestExecutionListener, org.springframework.boot.test.mock.mockito.MockitoTestExecutionListener, org.springframework.boot.test.mock.mockito.ResetMocksTestExecutionListener, org.springframework.test.context.web.ServletTestExecutionListener, org.springframework.test.context.support.DirtiesContextBeforeModesTestExecutionListener, org.springframework.test.context.support.DependencyInjectionTestExecutionListener, org.springframework.test.context.support.DirtiesContextTestExecutionListener, org.springframework.test.context.transaction.TransactionalTestExecutionListener, org.springframework.test.context.jdbc.SqlScriptsTestExecutionListener, org.springframework.test.context.event.EventPublishingTestExecutionListener]
16:11:54.715 [Test worker] INFO org.springframework.boot.test.context.SpringBootTestContextBootstrapper - Using TestExecutionListeners: [org.springframework.test.context.web.ServletTestExecutionListener@30a70372, org.springframework.test.context.support.DirtiesContextBeforeModesTestExecutionListener@45049bc0, org.springframework.boot.test.mock.mockito.MockitoTestExecutionListener@79bcbdf5, org.springframework.boot.test.autoconfigure.SpringBootDependencyInjectionTestExecutionListener@6090968a, org.springframework.test.context.support.DirtiesContextTestExecutionListener@6824a579, org.springframework.test.context.transaction.TransactionalTestExecutionListener@99ff926, org.springframework.test.context.jdbc.SqlScriptsTestExecutionListener@1550aef5, org.springframework.test.context.event.EventPublishingTestExecutionListener@71104e13, org.springframework.boot.test.autoconfigure.restdocs.RestDocsTestExecutionListener@3cd22225, org.springframework.boot.test.autoconfigure.web.client.MockRestServiceServerResetTestExecutionListener@4af2aa50, org.springframework.boot.test.autoconfigure.web.servlet.MockMvcPrintOnlyOnFailureTestExecutionListener@5a4592fd, org.springframework.boot.test.autoconfigure.web.servlet.WebDriverTestExecutionListener@29d62f70, org.springframework.boot.test.autoconfigure.webservices.client.MockWebServiceServerTestExecutionListener@438f365, org.springframework.boot.test.mock.mockito.ResetMocksTestExecutionListener@5bc76998]
16:11:54.719 [Test worker] DEBUG org.springframework.test.context.support.AbstractDirtiesContextTestExecutionListener - Before test class: context [DefaultTestContext@7783271d testClass = IndexControllerTest, testInstance = [null], testMethod = [null], testException = [null], mergedContextConfiguration = [WebMergedContextConfiguration@e2b4310 testClass = IndexControllerTest, locations = '{}', classes = '{class com.tmax.bjk.springboot.Application}', contextInitializerClasses = '[]', activeProfiles = '{}', propertySourceLocations = '{}', propertySourceProperties = '{org.springframework.boot.test.context.SpringBootTestContextBootstrapper=true, server.port=0}', contextCustomizers = set[org.springframework.boot.test.autoconfigure.actuate.metrics.MetricsExportContextCustomizerFactory$DisableMetricExportContextCustomizer@541a8534, org.springframework.boot.test.autoconfigure.properties.PropertyMappingContextCustomizer@0, org.springframework.boot.test.autoconfigure.web.servlet.WebDriverContextCustomizerFactory$Customizer@3e935ce4, org.springframework.boot.test.context.filter.ExcludeFilterContextCustomizer@4c778cd2, org.springframework.boot.test.json.DuplicateJsonObjectContextCustomizerFactory$DuplicateJsonObjectContextCustomizer@4a7310d3, org.springframework.boot.test.mock.mockito.MockitoContextCustomizer@0, org.springframework.boot.test.web.client.TestRestTemplateContextCustomizer@34e89179, org.springframework.boot.test.context.SpringBootTestArgs@1, org.springframework.boot.test.context.SpringBootTestWebEnvironment@552dc117], resourceBasePath = 'src/main/webapp', contextLoader = 'org.springframework.boot.test.context.SpringBootContextLoader', parent = [null]], attributes = map['org.springframework.test.context.web.ServletTestExecutionListener.activateListener' -> false]], class annotated with @DirtiesContext [false] with mode [null].
16:11:54.725 [Test worker] DEBUG org.springframework.test.context.support.DependencyInjectionTestExecutionListener - Performing dependency injection for test context [[DefaultTestContext@7783271d testClass = IndexControllerTest, testInstance = com.tmax.bjk.springboot.web.IndexControllerTest@1d1c01d2, testMethod = [null], testException = [null], mergedContextConfiguration = [WebMergedContextConfiguration@e2b4310 testClass = IndexControllerTest, locations = '{}', classes = '{class com.tmax.bjk.springboot.Application}', contextInitializerClasses = '[]', activeProfiles = '{}', propertySourceLocations = '{}', propertySourceProperties = '{org.springframework.boot.test.context.SpringBootTestContextBootstrapper=true, server.port=0}', contextCustomizers = set[org.springframework.boot.test.autoconfigure.actuate.metrics.MetricsExportContextCustomizerFactory$DisableMetricExportContextCustomizer@541a8534, org.springframework.boot.test.autoconfigure.properties.PropertyMappingContextCustomizer@0, org.springframework.boot.test.autoconfigure.web.servlet.WebDriverContextCustomizerFactory$Customizer@3e935ce4, org.springframework.boot.test.context.filter.ExcludeFilterContextCustomizer@4c778cd2, org.springframework.boot.test.json.DuplicateJsonObjectContextCustomizerFactory$DuplicateJsonObjectContextCustomizer@4a7310d3, org.springframework.boot.test.mock.mockito.MockitoContextCustomizer@0, org.springframework.boot.test.web.client.TestRestTemplateContextCustomizer@34e89179, org.springframework.boot.test.context.SpringBootTestArgs@1, org.springframework.boot.test.context.SpringBootTestWebEnvironment@552dc117], resourceBasePath = 'src/main/webapp', contextLoader = 'org.springframework.boot.test.context.SpringBootContextLoader', parent = [null]], attributes = map['org.springframework.test.context.web.ServletTestExecutionListener.activateListener' -> false]]].
16:11:54.748 [Test worker] DEBUG org.springframework.test.context.support.TestPropertySourceUtils - Adding inlined properties to environment: {spring.jmx.enabled=false, org.springframework.boot.test.context.SpringBootTestContextBootstrapper=true, server.port=0}

  .   ____          _            __ _ _
 /\\ / ___'_ __ _ _(_)_ __  __ _ \ \ \ \
( ( )\___ | '_ | '_| | '_ \/ _` | \ \ \ \
 \\/  ___)| |_)| | | | | || (_| |  ) ) ) )
  '  |____| .__|_| |_|_| |_\__, | / / / /
 =========|_|==============|___/=/_/_/_/
 :: Spring Boot ::                (v2.4.1)

2021-12-28 16:11:55.008  INFO 20440 --- [    Test worker] c.t.b.s.web.IndexControllerTest          : Starting IndexControllerTest using Java 1.8.0_241 on DESKTOP-O8G5OBD with PID 20440 (started by Tmaxsoft PS3-2 KBJ in D:\my-improvement-ability\Spring\intellij-workspace)
2021-12-28 16:11:55.011  INFO 20440 --- [    Test worker] c.t.b.s.web.IndexControllerTest          : No active profile set, falling back to default profiles: default
2021-12-28 16:11:55.592  INFO 20440 --- [    Test worker] .s.d.r.c.RepositoryConfigurationDelegate : Bootstrapping Spring Data JPA repositories in DEFAULT mode.
2021-12-28 16:11:55.647  INFO 20440 --- [    Test worker] .s.d.r.c.RepositoryConfigurationDelegate : Finished Spring Data repository scanning in 48 ms. Found 1 JPA repository interfaces.
2021-12-28 16:11:56.345  INFO 20440 --- [    Test worker] o.s.b.w.embedded.tomcat.TomcatWebServer  : Tomcat initialized with port(s): 0 (http)
2021-12-28 16:11:56.354  INFO 20440 --- [    Test worker] o.apache.catalina.core.StandardService   : Starting service [Tomcat]
2021-12-28 16:11:56.355  INFO 20440 --- [    Test worker] org.apache.catalina.core.StandardEngine  : Starting Servlet engine: [Apache Tomcat/9.0.41]
2021-12-28 16:11:56.532  INFO 20440 --- [    Test worker] o.a.c.c.C.[Tomcat].[localhost].[/]       : Initializing Spring embedded WebApplicationContext
2021-12-28 16:11:56.532  INFO 20440 --- [    Test worker] w.s.c.ServletWebServerApplicationContext : Root WebApplicationContext: initialization completed in 1498 ms
2021-12-28 16:11:56.610  INFO 20440 --- [    Test worker] com.zaxxer.hikari.HikariDataSource       : HikariPool-1 - Starting...
2021-12-28 16:11:56.774  INFO 20440 --- [    Test worker] com.zaxxer.hikari.HikariDataSource       : HikariPool-1 - Start completed.
2021-12-28 16:11:56.782  INFO 20440 --- [    Test worker] o.s.b.a.h2.H2ConsoleAutoConfiguration    : H2 console available at '/h2-console'. Database available at 'jdbc:h2:mem://localhost/~/testdb'
2021-12-28 16:11:57.063  INFO 20440 --- [    Test worker] o.hibernate.jpa.internal.util.LogHelper  : HHH000204: Processing PersistenceUnitInfo [name: default]
2021-12-28 16:11:57.115  INFO 20440 --- [    Test worker] org.hibernate.Version                    : HHH000412: Hibernate ORM core version 5.4.25.Final
2021-12-28 16:11:57.252  INFO 20440 --- [    Test worker] o.hibernate.annotations.common.Version   : HCANN000001: Hibernate Commons Annotations {5.1.2.Final}
2021-12-28 16:11:57.376  INFO 20440 --- [    Test worker] org.hibernate.dialect.Dialect            : HHH000400: Using dialect: org.hibernate.dialect.MySQL57Dialect
Hibernate: drop table if exists posts
Hibernate: create table posts (id bigint not null auto_increment, created_date datetime(6), modified_date datetime(6), author varchar(255), content TEXT not null, title varchar(500) not null, primary key (id)) engine=InnoDB
2021-12-28 16:11:57.970  INFO 20440 --- [    Test worker] o.h.e.t.j.p.i.JtaPlatformInitiator       : HHH000490: Using JtaPlatform implementation: [org.hibernate.engine.transaction.jta.platform.internal.NoJtaPlatform]
2021-12-28 16:11:57.985  INFO 20440 --- [    Test worker] j.LocalContainerEntityManagerFactoryBean : Initialized JPA EntityManagerFactory for persistence unit 'default'
2021-12-28 16:11:58.441  WARN 20440 --- [    Test worker] JpaBaseConfiguration$JpaWebConfiguration : spring.jpa.open-in-view is enabled by default. Therefore, database queries may be performed during view rendering. Explicitly configure spring.jpa.open-in-view to disable this warning
2021-12-28 16:11:58.688  INFO 20440 --- [    Test worker] o.s.s.concurrent.ThreadPoolTaskExecutor  : Initializing ExecutorService 'applicationTaskExecutor'
2021-12-28 16:11:58.998  INFO 20440 --- [    Test worker] o.s.b.a.w.s.WelcomePageHandlerMapping    : Adding welcome page template: index
2021-12-28 16:11:59.338  INFO 20440 --- [    Test worker] o.s.b.w.embedded.tomcat.TomcatWebServer  : Tomcat started on port(s): 51063 (http) with context path ''
2021-12-28 16:11:59.349  INFO 20440 --- [    Test worker] c.t.b.s.web.IndexControllerTest          : Started IndexControllerTest in 4.599 seconds (JVM running for 6.76)
2021-12-28 16:11:59.535  INFO 20440 --- [o-auto-1-exec-1] o.a.c.c.C.[Tomcat].[localhost].[/]       : Initializing Spring DispatcherServlet 'dispatcherServlet'
2021-12-28 16:11:59.535  INFO 20440 --- [o-auto-1-exec-1] o.s.web.servlet.DispatcherServlet        : Initializing Servlet 'dispatcherServlet'
2021-12-28 16:11:59.537  INFO 20440 --- [o-auto-1-exec-1] o.s.web.servlet.DispatcherServlet        : Completed initialization in 2 ms
]]></system-out>
  <system-err><![CDATA[]]></system-err>
</testsuite>
