<?xml version="1.0" encoding="UTF-8"?>
<testsuite name="com.tmax.bjk.springboot.web.HelloControllerTest" tests="2" skipped="0" failures="0" errors="0" timestamp="2022-01-06T07:45:20" hostname="DESKTOP-O8G5OBD" time="0.185">
  <properties/>
  <testcase name="hello가_리턴()" classname="com.tmax.bjk.springboot.web.HelloControllerTest" time="0.083"/>
  <testcase name="helloDto가_리턴()" classname="com.tmax.bjk.springboot.web.HelloControllerTest" time="0.101"/>
  <system-out><![CDATA[2022-01-06 16:45:19.865  INFO 8388 --- [    Test worker] .b.t.a.w.s.WebMvcTestContextBootstrapper : Neither @ContextConfiguration nor @ContextHierarchy found for test class [com.tmax.bjk.springboot.web.HelloControllerTest], using SpringBootContextLoader
2022-01-06 16:45:19.866  INFO 8388 --- [    Test worker] o.s.t.c.support.AbstractContextLoader    : Could not detect default resource locations for test class [com.tmax.bjk.springboot.web.HelloControllerTest]: no resource found for suffixes {-context.xml, Context.groovy}.
2022-01-06 16:45:19.866  INFO 8388 --- [    Test worker] t.c.s.AnnotationConfigContextLoaderUtils : Could not detect default configuration classes for test class [com.tmax.bjk.springboot.web.HelloControllerTest]: HelloControllerTest does not declare any static, non-private, non-final, nested classes annotated with @Configuration.
2022-01-06 16:45:19.888  INFO 8388 --- [    Test worker] .b.t.c.SpringBootTestContextBootstrapper : Found @SpringBootConfiguration com.tmax.bjk.springboot.Application for test class com.tmax.bjk.springboot.web.HelloControllerTest
2022-01-06 16:45:19.890  INFO 8388 --- [    Test worker] .b.t.a.w.s.WebMvcTestContextBootstrapper : Loaded default TestExecutionListener class names from location [META-INF/spring.factories]: [org.springframework.security.test.context.support.WithSecurityContextTestExecutionListener, org.springframework.security.test.context.support.ReactorContextTestExecutionListener, org.springframework.boot.test.autoconfigure.restdocs.RestDocsTestExecutionListener, org.springframework.boot.test.autoconfigure.web.client.MockRestServiceServerResetTestExecutionListener, org.springframework.boot.test.autoconfigure.web.servlet.MockMvcPrintOnlyOnFailureTestExecutionListener, org.springframework.boot.test.autoconfigure.web.servlet.WebDriverTestExecutionListener, org.springframework.boot.test.autoconfigure.webservices.client.MockWebServiceServerTestExecutionListener, org.springframework.boot.test.mock.mockito.MockitoTestExecutionListener, org.springframework.boot.test.mock.mockito.ResetMocksTestExecutionListener, org.springframework.test.context.web.ServletTestExecutionListener, org.springframework.test.context.support.DirtiesContextBeforeModesTestExecutionListener, org.springframework.test.context.support.DependencyInjectionTestExecutionListener, org.springframework.test.context.support.DirtiesContextTestExecutionListener, org.springframework.test.context.transaction.TransactionalTestExecutionListener, org.springframework.test.context.jdbc.SqlScriptsTestExecutionListener, org.springframework.test.context.event.EventPublishingTestExecutionListener]
2022-01-06 16:45:19.891  INFO 8388 --- [    Test worker] .b.t.a.w.s.WebMvcTestContextBootstrapper : Using TestExecutionListeners: [org.springframework.test.context.web.ServletTestExecutionListener@52df06f9, org.springframework.test.context.support.DirtiesContextBeforeModesTestExecutionListener@2b8e84fc, org.springframework.boot.test.mock.mockito.MockitoTestExecutionListener@5cd19b01, org.springframework.boot.test.autoconfigure.SpringBootDependencyInjectionTestExecutionListener@2652077a, org.springframework.test.context.support.DirtiesContextTestExecutionListener@c902587, org.springframework.test.context.transaction.TransactionalTestExecutionListener@5366e98d, org.springframework.test.context.jdbc.SqlScriptsTestExecutionListener@3bf7973, org.springframework.security.test.context.support.WithSecurityContextTestExecutionListener@3560d7a9, org.springframework.test.context.event.EventPublishingTestExecutionListener@3851709f, org.springframework.security.test.context.support.ReactorContextTestExecutionListener@5c1fcc99, org.springframework.boot.test.autoconfigure.restdocs.RestDocsTestExecutionListener@24134288, org.springframework.boot.test.autoconfigure.web.client.MockRestServiceServerResetTestExecutionListener@17fd143c, org.springframework.boot.test.autoconfigure.web.servlet.MockMvcPrintOnlyOnFailureTestExecutionListener@241b5bd4, org.springframework.boot.test.autoconfigure.web.servlet.WebDriverTestExecutionListener@64230ca, org.springframework.boot.test.autoconfigure.webservices.client.MockWebServiceServerTestExecutionListener@387b2588, org.springframework.boot.test.mock.mockito.ResetMocksTestExecutionListener@47589a4f]

  .   ____          _            __ _ _
 /\\ / ___'_ __ _ _(_)_ __  __ _ \ \ \ \
( ( )\___ | '_ | '_| | '_ \/ _` | \ \ \ \
 \\/  ___)| |_)| | | | | || (_| |  ) ) ) )
  '  |____| .__|_| |_|_| |_\__, | / / / /
 =========|_|==============|___/=/_/_/_/
 :: Spring Boot ::                (v2.4.1)

2022-01-06 16:45:19.924  INFO 8388 --- [    Test worker] c.t.b.s.web.HelloControllerTest          : Starting HelloControllerTest using Java 1.8.0_241 on DESKTOP-O8G5OBD with PID 8388 (started by Tmaxsoft PS3-2 KBJ in D:\my-improvement-ability\Spring\intellij-workspace)
2022-01-06 16:45:19.926  INFO 8388 --- [    Test worker] c.t.b.s.web.HelloControllerTest          : No active profile set, falling back to default profiles: default
2022-01-06 16:45:20.392  INFO 8388 --- [    Test worker] o.s.s.concurrent.ThreadPoolTaskExecutor  : Initializing ExecutorService 'applicationTaskExecutor'
2022-01-06 16:45:20.429  INFO 8388 --- [    Test worker] o.s.b.a.w.s.WelcomePageHandlerMapping    : Adding welcome page template: index
2022-01-06 16:45:20.735  INFO 8388 --- [    Test worker] o.s.s.web.DefaultSecurityFilterChain     : Will secure any request with [org.springframework.security.web.context.request.async.WebAsyncManagerIntegrationFilter@3917bb23, org.springframework.security.web.context.SecurityContextPersistenceFilter@68848af9, org.springframework.security.web.header.HeaderWriterFilter@2de4193f, org.springframework.security.web.csrf.CsrfFilter@19d96889, org.springframework.security.web.authentication.logout.LogoutFilter@42fa3386, org.springframework.security.oauth2.client.web.OAuth2AuthorizationRequestRedirectFilter@6aba726, org.springframework.security.oauth2.client.web.OAuth2AuthorizationRequestRedirectFilter@c62f231, org.springframework.security.oauth2.client.web.OAuth2LoginAuthenticationFilter@135a1652, org.springframework.security.web.authentication.ui.DefaultLoginPageGeneratingFilter@4ed9b924, org.springframework.security.web.authentication.ui.DefaultLogoutPageGeneratingFilter@2996c756, org.springframework.security.web.savedrequest.RequestCacheAwareFilter@21c5bd40, org.springframework.security.web.servletapi.SecurityContextHolderAwareRequestFilter@2ce575a6, org.springframework.security.web.authentication.AnonymousAuthenticationFilter@66d19e2f, org.springframework.security.oauth2.client.web.OAuth2AuthorizationCodeGrantFilter@2a6cbc8f, org.springframework.security.web.session.SessionManagementFilter@7f2ba12a, org.springframework.security.web.access.ExceptionTranslationFilter@e58fa0b, org.springframework.security.web.access.intercept.FilterSecurityInterceptor@7a290b32]
2022-01-06 16:45:20.825  INFO 8388 --- [    Test worker] o.s.b.t.m.w.SpringBootMockServletContext : Initializing Spring TestDispatcherServlet ''
2022-01-06 16:45:20.826  INFO 8388 --- [    Test worker] o.s.t.web.servlet.TestDispatcherServlet  : Initializing Servlet ''
2022-01-06 16:45:20.827  INFO 8388 --- [    Test worker] o.s.t.web.servlet.TestDispatcherServlet  : Completed initialization in 1 ms
2022-01-06 16:45:20.845  INFO 8388 --- [    Test worker] c.t.b.s.web.HelloControllerTest          : Started HelloControllerTest in 0.95 seconds (JVM running for 9.804)
]]></system-out>
  <system-err><![CDATA[]]></system-err>
</testsuite>
