<?xml version="1.0" encoding="UTF-8"?>
<testsuite name="com.tmax.bjk.springboot.domain.posts.PostsRepositoryTest" tests="2" skipped="0" failures="0" errors="0" timestamp="2022-01-06T07:45:19" hostname="DESKTOP-O8G5OBD" time="0.38">
  <properties/>
  <testcase name="게시글저장_불러오기()" classname="com.tmax.bjk.springboot.domain.posts.PostsRepositoryTest" time="0.347"/>
  <testcase name="BaseTimeEntity_등록()" classname="com.tmax.bjk.springboot.domain.posts.PostsRepositoryTest" time="0.031"/>
  <system-out><![CDATA[16:45:13.099 [Test worker] DEBUG org.springframework.test.context.BootstrapUtils - Instantiating CacheAwareContextLoaderDelegate from class [org.springframework.test.context.cache.DefaultCacheAwareContextLoaderDelegate]
16:45:13.124 [Test worker] DEBUG org.springframework.test.context.BootstrapUtils - Instantiating BootstrapContext using constructor [public org.springframework.test.context.support.DefaultBootstrapContext(java.lang.Class,org.springframework.test.context.CacheAwareContextLoaderDelegate)]
16:45:13.174 [Test worker] DEBUG org.springframework.test.context.BootstrapUtils - Instantiating TestContextBootstrapper for test class [com.tmax.bjk.springboot.domain.posts.PostsRepositoryTest] from class [org.springframework.boot.test.context.SpringBootTestContextBootstrapper]
16:45:13.193 [Test worker] INFO org.springframework.boot.test.context.SpringBootTestContextBootstrapper - Neither @ContextConfiguration nor @ContextHierarchy found for test class [com.tmax.bjk.springboot.domain.posts.PostsRepositoryTest], using SpringBootContextLoader
16:45:13.200 [Test worker] DEBUG org.springframework.test.context.support.AbstractContextLoader - Did not detect default resource location for test class [com.tmax.bjk.springboot.domain.posts.PostsRepositoryTest]: class path resource [com/tmax/bjk/springboot/domain/posts/PostsRepositoryTest-context.xml] does not exist
16:45:13.200 [Test worker] DEBUG org.springframework.test.context.support.AbstractContextLoader - Did not detect default resource location for test class [com.tmax.bjk.springboot.domain.posts.PostsRepositoryTest]: class path resource [com/tmax/bjk/springboot/domain/posts/PostsRepositoryTestContext.groovy] does not exist
16:45:13.200 [Test worker] INFO org.springframework.test.context.support.AbstractContextLoader - Could not detect default resource locations for test class [com.tmax.bjk.springboot.domain.posts.PostsRepositoryTest]: no resource found for suffixes {-context.xml, Context.groovy}.
16:45:13.201 [Test worker] INFO org.springframework.test.context.support.AnnotationConfigContextLoaderUtils - Could not detect default configuration classes for test class [com.tmax.bjk.springboot.domain.posts.PostsRepositoryTest]: PostsRepositoryTest does not declare any static, non-private, non-final, nested classes annotated with @Configuration.
16:45:13.265 [Test worker] DEBUG org.springframework.test.context.support.ActiveProfilesUtils - Could not find an 'annotation declaring class' for annotation type [org.springframework.test.context.ActiveProfiles] and class [com.tmax.bjk.springboot.domain.posts.PostsRepositoryTest]
16:45:13.363 [Test worker] DEBUG org.springframework.context.annotation.ClassPathScanningCandidateComponentProvider - Identified candidate component class: file [D:\my-improvement-ability\Spring\intellij-workspace\build\classes\java\main\com\tmax\bjk\springboot\Application.class]
16:45:13.364 [Test worker] INFO org.springframework.boot.test.context.SpringBootTestContextBootstrapper - Found @SpringBootConfiguration com.tmax.bjk.springboot.Application for test class com.tmax.bjk.springboot.domain.posts.PostsRepositoryTest
16:45:13.500 [Test worker] DEBUG org.springframework.boot.test.context.SpringBootTestContextBootstrapper - @TestExecutionListeners is not present for class [com.tmax.bjk.springboot.domain.posts.PostsRepositoryTest]: using defaults.
16:45:13.500 [Test worker] INFO org.springframework.boot.test.context.SpringBootTestContextBootstrapper - Loaded default TestExecutionListener class names from location [META-INF/spring.factories]: [org.springframework.security.test.context.support.WithSecurityContextTestExecutionListener, org.springframework.security.test.context.support.ReactorContextTestExecutionListener, org.springframework.boot.test.autoconfigure.restdocs.RestDocsTestExecutionListener, org.springframework.boot.test.autoconfigure.web.client.MockRestServiceServerResetTestExecutionListener, org.springframework.boot.test.autoconfigure.web.servlet.MockMvcPrintOnlyOnFailureTestExecutionListener, org.springframework.boot.test.autoconfigure.web.servlet.WebDriverTestExecutionListener, org.springframework.boot.test.autoconfigure.webservices.client.MockWebServiceServerTestExecutionListener, org.springframework.boot.test.mock.mockito.MockitoTestExecutionListener, org.springframework.boot.test.mock.mockito.ResetMocksTestExecutionListener, org.springframework.test.context.web.ServletTestExecutionListener, org.springframework.test.context.support.DirtiesContextBeforeModesTestExecutionListener, org.springframework.test.context.support.DependencyInjectionTestExecutionListener, org.springframework.test.context.support.DirtiesContextTestExecutionListener, org.springframework.test.context.transaction.TransactionalTestExecutionListener, org.springframework.test.context.jdbc.SqlScriptsTestExecutionListener, org.springframework.test.context.event.EventPublishingTestExecutionListener]
16:45:13.524 [Test worker] INFO org.springframework.boot.test.context.SpringBootTestContextBootstrapper - Using TestExecutionListeners: [org.springframework.test.context.web.ServletTestExecutionListener@524d6643, org.springframework.test.context.support.DirtiesContextBeforeModesTestExecutionListener@100e832d, org.springframework.boot.test.mock.mockito.MockitoTestExecutionListener@1e21d73c, org.springframework.boot.test.autoconfigure.SpringBootDependencyInjectionTestExecutionListener@3fb48302, org.springframework.test.context.support.DirtiesContextTestExecutionListener@67295c9, org.springframework.test.context.transaction.TransactionalTestExecutionListener@620169c1, org.springframework.test.context.jdbc.SqlScriptsTestExecutionListener@7289ca8a, org.springframework.security.test.context.support.WithSecurityContextTestExecutionListener@693efb4a, org.springframework.test.context.event.EventPublishingTestExecutionListener@7b70f779, org.springframework.security.test.context.support.ReactorContextTestExecutionListener@1256c6b7, org.springframework.boot.test.autoconfigure.restdocs.RestDocsTestExecutionListener@2eb793ed, org.springframework.boot.test.autoconfigure.web.client.MockRestServiceServerResetTestExecutionListener@30cdc9da, org.springframework.boot.test.autoconfigure.web.servlet.MockMvcPrintOnlyOnFailureTestExecutionListener@4c7a3b85, org.springframework.boot.test.autoconfigure.web.servlet.WebDriverTestExecutionListener@683d2fc3, org.springframework.boot.test.autoconfigure.webservices.client.MockWebServiceServerTestExecutionListener@7a07f1d2, org.springframework.boot.test.mock.mockito.ResetMocksTestExecutionListener@24da6451]
16:45:13.528 [Test worker] DEBUG org.springframework.test.context.support.AbstractDirtiesContextTestExecutionListener - Before test class: context [DefaultTestContext@59eb124 testClass = PostsRepositoryTest, testInstance = [null], testMethod = [null], testException = [null], mergedContextConfiguration = [WebMergedContextConfiguration@6ad38907 testClass = PostsRepositoryTest, locations = '{}', classes = '{class com.tmax.bjk.springboot.Application}', contextInitializerClasses = '[]', activeProfiles = '{}', propertySourceLocations = '{}', propertySourceProperties = '{org.springframework.boot.test.context.SpringBootTestContextBootstrapper=true}', contextCustomizers = set[org.springframework.boot.test.autoconfigure.actuate.metrics.MetricsExportContextCustomizerFactory$DisableMetricExportContextCustomizer@26181067, org.springframework.boot.test.autoconfigure.properties.PropertyMappingContextCustomizer@0, org.springframework.boot.test.autoconfigure.web.servlet.WebDriverContextCustomizerFactory$Customizer@27f0beb5, org.springframework.boot.test.context.filter.ExcludeFilterContextCustomizer@37a4074e, org.springframework.boot.test.json.DuplicateJsonObjectContextCustomizerFactory$DuplicateJsonObjectContextCustomizer@61974650, org.springframework.boot.test.mock.mockito.MockitoContextCustomizer@0, org.springframework.boot.test.web.client.TestRestTemplateContextCustomizer@cda8330, org.springframework.boot.test.context.SpringBootTestArgs@1, org.springframework.boot.test.context.SpringBootTestWebEnvironment@4968b6c1], resourceBasePath = 'src/main/webapp', contextLoader = 'org.springframework.boot.test.context.SpringBootContextLoader', parent = [null]], attributes = map['org.springframework.test.context.web.ServletTestExecutionListener.activateListener' -> true]], class annotated with @DirtiesContext [false] with mode [null].
16:45:13.556 [Test worker] DEBUG org.springframework.test.context.support.TestPropertySourceUtils - Adding inlined properties to environment: {spring.jmx.enabled=false, org.springframework.boot.test.context.SpringBootTestContextBootstrapper=true}

  .   ____          _            __ _ _
 /\\ / ___'_ __ _ _(_)_ __  __ _ \ \ \ \
( ( )\___ | '_ | '_| | '_ \/ _` | \ \ \ \
 \\/  ___)| |_)| | | | | || (_| |  ) ) ) )
  '  |____| .__|_| |_|_| |_\__, | / / / /
 =========|_|==============|___/=/_/_/_/
 :: Spring Boot ::                (v2.4.1)

2022-01-06 16:45:13.823  INFO 8388 --- [    Test worker] c.t.b.s.d.posts.PostsRepositoryTest      : Starting PostsRepositoryTest using Java 1.8.0_241 on DESKTOP-O8G5OBD with PID 8388 (started by Tmaxsoft PS3-2 KBJ in D:\my-improvement-ability\Spring\intellij-workspace)
2022-01-06 16:45:13.826  INFO 8388 --- [    Test worker] c.t.b.s.d.posts.PostsRepositoryTest      : No active profile set, falling back to default profiles: default
2022-01-06 16:45:14.759  INFO 8388 --- [    Test worker] .s.d.r.c.RepositoryConfigurationDelegate : Bootstrapping Spring Data JPA repositories in DEFAULT mode.
2022-01-06 16:45:14.833  INFO 8388 --- [    Test worker] .s.d.r.c.RepositoryConfigurationDelegate : Finished Spring Data repository scanning in 64 ms. Found 2 JPA repository interfaces.
2022-01-06 16:45:15.469  INFO 8388 --- [    Test worker] com.zaxxer.hikari.HikariDataSource       : HikariPool-1 - Starting...
2022-01-06 16:45:15.712  INFO 8388 --- [    Test worker] com.zaxxer.hikari.HikariDataSource       : HikariPool-1 - Start completed.
2022-01-06 16:45:15.794  INFO 8388 --- [    Test worker] o.hibernate.jpa.internal.util.LogHelper  : HHH000204: Processing PersistenceUnitInfo [name: default]
2022-01-06 16:45:15.878  INFO 8388 --- [    Test worker] org.hibernate.Version                    : HHH000412: Hibernate ORM core version 5.4.25.Final
2022-01-06 16:45:16.064  INFO 8388 --- [    Test worker] o.hibernate.annotations.common.Version   : HCANN000001: Hibernate Commons Annotations {5.1.2.Final}
2022-01-06 16:45:16.226  INFO 8388 --- [    Test worker] org.hibernate.dialect.Dialect            : HHH000400: Using dialect: org.hibernate.dialect.MySQL57Dialect
Hibernate: drop table if exists posts
Hibernate: drop table if exists user
Hibernate: create table posts (id bigint not null auto_increment, created_date datetime(6), modified_date datetime(6), author varchar(255), content TEXT not null, title varchar(500) not null, primary key (id)) engine=InnoDB
Hibernate: create table user (id bigint not null auto_increment, created_date datetime(6), modified_date datetime(6), email varchar(255) not null, name varchar(255) not null, picture varchar(255), role varchar(255) not null, primary key (id)) engine=InnoDB
2022-01-06 16:45:16.898  INFO 8388 --- [    Test worker] o.h.e.t.j.p.i.JtaPlatformInitiator       : HHH000490: Using JtaPlatform implementation: [org.hibernate.engine.transaction.jta.platform.internal.NoJtaPlatform]
2022-01-06 16:45:16.907  INFO 8388 --- [    Test worker] j.LocalContainerEntityManagerFactoryBean : Initialized JPA EntityManagerFactory for persistence unit 'default'
2022-01-06 16:45:17.470  WARN 8388 --- [    Test worker] JpaBaseConfiguration$JpaWebConfiguration : spring.jpa.open-in-view is enabled by default. Therefore, database queries may be performed during view rendering. Explicitly configure spring.jpa.open-in-view to disable this warning
2022-01-06 16:45:18.265  INFO 8388 --- [    Test worker] o.s.s.web.DefaultSecurityFilterChain     : Will secure any request with [org.springframework.security.web.context.request.async.WebAsyncManagerIntegrationFilter@7fd730e3, org.springframework.security.web.context.SecurityContextPersistenceFilter@9e0296e, org.springframework.security.web.header.HeaderWriterFilter@585ed783, org.springframework.security.web.authentication.logout.LogoutFilter@1de11120, org.springframework.security.oauth2.client.web.OAuth2AuthorizationRequestRedirectFilter@7c43bdf8, org.springframework.security.oauth2.client.web.OAuth2LoginAuthenticationFilter@53c5182, org.springframework.security.web.authentication.ui.DefaultLoginPageGeneratingFilter@4f5733ea, org.springframework.security.web.authentication.ui.DefaultLogoutPageGeneratingFilter@69616366, org.springframework.security.web.savedrequest.RequestCacheAwareFilter@6299c03e, org.springframework.security.web.servletapi.SecurityContextHolderAwareRequestFilter@4111f055, org.springframework.security.web.authentication.AnonymousAuthenticationFilter@7a62c943, org.springframework.security.web.session.SessionManagementFilter@55dfc26f, org.springframework.security.web.access.ExceptionTranslationFilter@6b02cba5, org.springframework.security.web.access.intercept.FilterSecurityInterceptor@62638b0e]
2022-01-06 16:45:18.728  INFO 8388 --- [    Test worker] o.s.s.concurrent.ThreadPoolTaskExecutor  : Initializing ExecutorService 'applicationTaskExecutor'
2022-01-06 16:45:18.821  INFO 8388 --- [    Test worker] o.s.b.a.h2.H2ConsoleAutoConfiguration    : H2 console available at '/h2-console'. Database available at 'jdbc:h2:mem://localhost/~/testdb'
2022-01-06 16:45:18.911  INFO 8388 --- [    Test worker] o.s.b.a.w.s.WelcomePageHandlerMapping    : Adding welcome page template: index
2022-01-06 16:45:19.429  INFO 8388 --- [    Test worker] s.a.ScheduledAnnotationBeanPostProcessor : No TaskScheduler/ScheduledExecutorService bean found for scheduled processing
2022-01-06 16:45:19.438  INFO 8388 --- [    Test worker] c.t.b.s.d.posts.PostsRepositoryTest      : Started PostsRepositoryTest in 5.874 seconds (JVM running for 8.397)
Hibernate: insert into posts (created_date, modified_date, author, content, title) values (?, ?, ?, ?, ?)
Hibernate: select posts0_.id as id1_0_, posts0_.created_date as created_2_0_, posts0_.modified_date as modified3_0_, posts0_.author as author4_0_, posts0_.content as content5_0_, posts0_.title as title6_0_ from posts posts0_
Hibernate: select posts0_.id as id1_0_, posts0_.created_date as created_2_0_, posts0_.modified_date as modified3_0_, posts0_.author as author4_0_, posts0_.content as content5_0_, posts0_.title as title6_0_ from posts posts0_
Hibernate: delete from posts where id=?
Hibernate: insert into posts (created_date, modified_date, author, content, title) values (?, ?, ?, ?, ?)
Hibernate: select posts0_.id as id1_0_, posts0_.created_date as created_2_0_, posts0_.modified_date as modified3_0_, posts0_.author as author4_0_, posts0_.content as content5_0_, posts0_.title as title6_0_ from posts posts0_
>>>>>>> createDate=2022-01-06T16:45:19.816, modifiedDate=2022-01-06T16:45:19.816
Hibernate: select posts0_.id as id1_0_, posts0_.created_date as created_2_0_, posts0_.modified_date as modified3_0_, posts0_.author as author4_0_, posts0_.content as content5_0_, posts0_.title as title6_0_ from posts posts0_
Hibernate: delete from posts where id=?
]]></system-out>
  <system-err><![CDATA[]]></system-err>
</testsuite>
