<?xml version="1.0" encoding="UTF-8"?>
<testsuite name="com.tmax.bjk.springboot.web.HelloControllerTest" tests="2" skipped="0" failures="0" errors="0" timestamp="2021-12-29T08:04:30" hostname="DESKTOP-O8G5OBD" time="0.387">
  <properties/>
  <testcase name="hello가_리턴()" classname="com.tmax.bjk.springboot.web.HelloControllerTest" time="0.31"/>
  <testcase name="helloDto가_리턴()" classname="com.tmax.bjk.springboot.web.HelloControllerTest" time="0.076"/>
  <system-out><![CDATA[17:04:27.537 [Test worker] DEBUG org.springframework.test.context.BootstrapUtils - Instantiating CacheAwareContextLoaderDelegate from class [org.springframework.test.context.cache.DefaultCacheAwareContextLoaderDelegate]
17:04:27.549 [Test worker] DEBUG org.springframework.test.context.BootstrapUtils - Instantiating BootstrapContext using constructor [public org.springframework.test.context.support.DefaultBootstrapContext(java.lang.Class,org.springframework.test.context.CacheAwareContextLoaderDelegate)]
17:04:27.586 [Test worker] DEBUG org.springframework.test.context.BootstrapUtils - Instantiating TestContextBootstrapper for test class [com.tmax.bjk.springboot.web.HelloControllerTest] from class [org.springframework.boot.test.autoconfigure.web.servlet.WebMvcTestContextBootstrapper]
17:04:27.596 [Test worker] INFO org.springframework.boot.test.autoconfigure.web.servlet.WebMvcTestContextBootstrapper - Neither @ContextConfiguration nor @ContextHierarchy found for test class [com.tmax.bjk.springboot.web.HelloControllerTest], using SpringBootContextLoader
17:04:27.600 [Test worker] DEBUG org.springframework.test.context.support.AbstractContextLoader - Did not detect default resource location for test class [com.tmax.bjk.springboot.web.HelloControllerTest]: class path resource [com/tmax/bjk/springboot/web/HelloControllerTest-context.xml] does not exist
17:04:27.600 [Test worker] DEBUG org.springframework.test.context.support.AbstractContextLoader - Did not detect default resource location for test class [com.tmax.bjk.springboot.web.HelloControllerTest]: class path resource [com/tmax/bjk/springboot/web/HelloControllerTestContext.groovy] does not exist
17:04:27.600 [Test worker] INFO org.springframework.test.context.support.AbstractContextLoader - Could not detect default resource locations for test class [com.tmax.bjk.springboot.web.HelloControllerTest]: no resource found for suffixes {-context.xml, Context.groovy}.
17:04:27.601 [Test worker] INFO org.springframework.test.context.support.AnnotationConfigContextLoaderUtils - Could not detect default configuration classes for test class [com.tmax.bjk.springboot.web.HelloControllerTest]: HelloControllerTest does not declare any static, non-private, non-final, nested classes annotated with @Configuration.
17:04:27.685 [Test worker] DEBUG org.springframework.test.context.support.ActiveProfilesUtils - Could not find an 'annotation declaring class' for annotation type [org.springframework.test.context.ActiveProfiles] and class [com.tmax.bjk.springboot.web.HelloControllerTest]
17:04:27.759 [Test worker] DEBUG org.springframework.context.annotation.ClassPathScanningCandidateComponentProvider - Identified candidate component class: file [D:\my-improvement-ability\Spring\intellij-workspace\build\classes\java\main\com\tmax\bjk\springboot\Application.class]
17:04:27.760 [Test worker] INFO org.springframework.boot.test.context.SpringBootTestContextBootstrapper - Found @SpringBootConfiguration com.tmax.bjk.springboot.Application for test class com.tmax.bjk.springboot.web.HelloControllerTest
17:04:27.763 [Test worker] DEBUG org.springframework.boot.test.autoconfigure.web.servlet.WebMvcTestContextBootstrapper - @TestExecutionListeners is not present for class [com.tmax.bjk.springboot.web.HelloControllerTest]: using defaults.
17:04:27.763 [Test worker] INFO org.springframework.boot.test.autoconfigure.web.servlet.WebMvcTestContextBootstrapper - Loaded default TestExecutionListener class names from location [META-INF/spring.factories]: [org.springframework.security.test.context.support.WithSecurityContextTestExecutionListener, org.springframework.security.test.context.support.ReactorContextTestExecutionListener, org.springframework.boot.test.autoconfigure.restdocs.RestDocsTestExecutionListener, org.springframework.boot.test.autoconfigure.web.client.MockRestServiceServerResetTestExecutionListener, org.springframework.boot.test.autoconfigure.web.servlet.MockMvcPrintOnlyOnFailureTestExecutionListener, org.springframework.boot.test.autoconfigure.web.servlet.WebDriverTestExecutionListener, org.springframework.boot.test.autoconfigure.webservices.client.MockWebServiceServerTestExecutionListener, org.springframework.boot.test.mock.mockito.MockitoTestExecutionListener, org.springframework.boot.test.mock.mockito.ResetMocksTestExecutionListener, org.springframework.test.context.web.ServletTestExecutionListener, org.springframework.test.context.support.DirtiesContextBeforeModesTestExecutionListener, org.springframework.test.context.support.DependencyInjectionTestExecutionListener, org.springframework.test.context.support.DirtiesContextTestExecutionListener, org.springframework.test.context.transaction.TransactionalTestExecutionListener, org.springframework.test.context.jdbc.SqlScriptsTestExecutionListener, org.springframework.test.context.event.EventPublishingTestExecutionListener]
17:04:27.785 [Test worker] INFO org.springframework.boot.test.autoconfigure.web.servlet.WebMvcTestContextBootstrapper - Using TestExecutionListeners: [org.springframework.test.context.web.ServletTestExecutionListener@7b27a77d, org.springframework.test.context.support.DirtiesContextBeforeModesTestExecutionListener@6d555026, org.springframework.boot.test.mock.mockito.MockitoTestExecutionListener@3cfec475, org.springframework.boot.test.autoconfigure.SpringBootDependencyInjectionTestExecutionListener@4f7f6bd0, org.springframework.test.context.support.DirtiesContextTestExecutionListener@925310d, org.springframework.test.context.transaction.TransactionalTestExecutionListener@4eb6846f, org.springframework.test.context.jdbc.SqlScriptsTestExecutionListener@4213ca0, org.springframework.security.test.context.support.WithSecurityContextTestExecutionListener@30b4f61f, org.springframework.test.context.event.EventPublishingTestExecutionListener@1039145d, org.springframework.security.test.context.support.ReactorContextTestExecutionListener@6a566fc9, org.springframework.boot.test.autoconfigure.restdocs.RestDocsTestExecutionListener@679f9a1f, org.springframework.boot.test.autoconfigure.web.client.MockRestServiceServerResetTestExecutionListener@708c9cfd, org.springframework.boot.test.autoconfigure.web.servlet.MockMvcPrintOnlyOnFailureTestExecutionListener@284ff54d, org.springframework.boot.test.autoconfigure.web.servlet.WebDriverTestExecutionListener@71beffaa, org.springframework.boot.test.autoconfigure.webservices.client.MockWebServiceServerTestExecutionListener@6a6acce0, org.springframework.boot.test.mock.mockito.ResetMocksTestExecutionListener@7e15de24]
17:04:27.788 [Test worker] DEBUG org.springframework.test.context.support.AbstractDirtiesContextTestExecutionListener - Before test class: context [DefaultTestContext@105b696b testClass = HelloControllerTest, testInstance = [null], testMethod = [null], testException = [null], mergedContextConfiguration = [WebMergedContextConfiguration@6fea7947 testClass = HelloControllerTest, locations = '{}', classes = '{class com.tmax.bjk.springboot.Application}', contextInitializerClasses = '[]', activeProfiles = '{}', propertySourceLocations = '{}', propertySourceProperties = '{org.springframework.boot.test.autoconfigure.web.servlet.WebMvcTestContextBootstrapper=true}', contextCustomizers = set[org.springframework.boot.test.autoconfigure.OverrideAutoConfigurationContextCustomizerFactory$DisableAutoConfigurationContextCustomizer@9dd5684, org.springframework.boot.test.autoconfigure.actuate.metrics.MetricsExportContextCustomizerFactory$DisableMetricExportContextCustomizer@3c4a2a80, org.springframework.boot.test.autoconfigure.filter.TypeExcludeFiltersContextCustomizer@f369df69, org.springframework.boot.test.autoconfigure.properties.PropertyMappingContextCustomizer@dc776c47, org.springframework.boot.test.autoconfigure.web.servlet.WebDriverContextCustomizerFactory$Customizer@162ed5be, [ImportsContextCustomizer@22dec170 key = [org.springframework.boot.autoconfigure.cache.CacheAutoConfiguration, org.springframework.boot.autoconfigure.context.MessageSourceAutoConfiguration, org.springframework.boot.autoconfigure.data.web.SpringDataWebAutoConfiguration, org.springframework.boot.autoconfigure.freemarker.FreeMarkerAutoConfiguration, org.springframework.boot.autoconfigure.groovy.template.GroovyTemplateAutoConfiguration, org.springframework.boot.autoconfigure.gson.GsonAutoConfiguration, org.springframework.boot.autoconfigure.hateoas.HypermediaAutoConfiguration, org.springframework.boot.autoconfigure.http.HttpMessageConvertersAutoConfiguration, org.springframework.boot.autoconfigure.jackson.JacksonAutoConfiguration, org.springframework.boot.autoconfigure.jsonb.JsonbAutoConfiguration, org.springframework.boot.autoconfigure.mustache.MustacheAutoConfiguration, org.springframework.boot.autoconfigure.task.TaskExecutionAutoConfiguration, org.springframework.boot.autoconfigure.thymeleaf.ThymeleafAutoConfiguration, org.springframework.boot.autoconfigure.validation.ValidationAutoConfiguration, org.springframework.boot.autoconfigure.web.servlet.error.ErrorMvcAutoConfiguration, org.springframework.boot.autoconfigure.web.servlet.HttpEncodingAutoConfiguration, org.springframework.boot.autoconfigure.web.servlet.WebMvcAutoConfiguration, org.springframework.boot.test.autoconfigure.web.servlet.MockMvcAutoConfiguration, org.springframework.boot.test.autoconfigure.web.servlet.MockMvcWebClientAutoConfiguration, org.springframework.boot.test.autoconfigure.web.servlet.MockMvcWebDriverAutoConfiguration, org.springframework.boot.autoconfigure.security.oauth2.client.servlet.OAuth2ClientAutoConfiguration, org.springframework.boot.autoconfigure.security.oauth2.resource.servlet.OAuth2ResourceServerAutoConfiguration, org.springframework.boot.autoconfigure.security.servlet.SecurityAutoConfiguration, org.springframework.boot.autoconfigure.security.servlet.SecurityFilterAutoConfiguration, org.springframework.boot.autoconfigure.security.servlet.UserDetailsServiceAutoConfiguration, org.springframework.boot.test.autoconfigure.web.servlet.MockMvcSecurityConfiguration]], org.springframework.boot.test.context.filter.ExcludeFilterContextCustomizer@70dcfbec, org.springframework.boot.test.json.DuplicateJsonObjectContextCustomizerFactory$DuplicateJsonObjectContextCustomizer@3e9159a8, org.springframework.boot.test.mock.mockito.MockitoContextCustomizer@0, org.springframework.boot.test.context.SpringBootTestArgs@1, org.springframework.boot.test.context.SpringBootTestWebEnvironment@0], resourceBasePath = 'src/main/webapp', contextLoader = 'org.springframework.boot.test.context.SpringBootContextLoader', parent = [null]], attributes = map[[empty]]], class annotated with @DirtiesContext [false] with mode [null].
17:04:27.794 [Test worker] DEBUG org.springframework.test.context.support.DependencyInjectionTestExecutionListener - Performing dependency injection for test context [[DefaultTestContext@105b696b testClass = HelloControllerTest, testInstance = com.tmax.bjk.springboot.web.HelloControllerTest@61d877aa, testMethod = [null], testException = [null], mergedContextConfiguration = [WebMergedContextConfiguration@6fea7947 testClass = HelloControllerTest, locations = '{}', classes = '{class com.tmax.bjk.springboot.Application}', contextInitializerClasses = '[]', activeProfiles = '{}', propertySourceLocations = '{}', propertySourceProperties = '{org.springframework.boot.test.autoconfigure.web.servlet.WebMvcTestContextBootstrapper=true}', contextCustomizers = set[org.springframework.boot.test.autoconfigure.OverrideAutoConfigurationContextCustomizerFactory$DisableAutoConfigurationContextCustomizer@9dd5684, org.springframework.boot.test.autoconfigure.actuate.metrics.MetricsExportContextCustomizerFactory$DisableMetricExportContextCustomizer@3c4a2a80, org.springframework.boot.test.autoconfigure.filter.TypeExcludeFiltersContextCustomizer@f369df69, org.springframework.boot.test.autoconfigure.properties.PropertyMappingContextCustomizer@dc776c47, org.springframework.boot.test.autoconfigure.web.servlet.WebDriverContextCustomizerFactory$Customizer@162ed5be, [ImportsContextCustomizer@22dec170 key = [org.springframework.boot.autoconfigure.cache.CacheAutoConfiguration, org.springframework.boot.autoconfigure.context.MessageSourceAutoConfiguration, org.springframework.boot.autoconfigure.data.web.SpringDataWebAutoConfiguration, org.springframework.boot.autoconfigure.freemarker.FreeMarkerAutoConfiguration, org.springframework.boot.autoconfigure.groovy.template.GroovyTemplateAutoConfiguration, org.springframework.boot.autoconfigure.gson.GsonAutoConfiguration, org.springframework.boot.autoconfigure.hateoas.HypermediaAutoConfiguration, org.springframework.boot.autoconfigure.http.HttpMessageConvertersAutoConfiguration, org.springframework.boot.autoconfigure.jackson.JacksonAutoConfiguration, org.springframework.boot.autoconfigure.jsonb.JsonbAutoConfiguration, org.springframework.boot.autoconfigure.mustache.MustacheAutoConfiguration, org.springframework.boot.autoconfigure.task.TaskExecutionAutoConfiguration, org.springframework.boot.autoconfigure.thymeleaf.ThymeleafAutoConfiguration, org.springframework.boot.autoconfigure.validation.ValidationAutoConfiguration, org.springframework.boot.autoconfigure.web.servlet.error.ErrorMvcAutoConfiguration, org.springframework.boot.autoconfigure.web.servlet.HttpEncodingAutoConfiguration, org.springframework.boot.autoconfigure.web.servlet.WebMvcAutoConfiguration, org.springframework.boot.test.autoconfigure.web.servlet.MockMvcAutoConfiguration, org.springframework.boot.test.autoconfigure.web.servlet.MockMvcWebClientAutoConfiguration, org.springframework.boot.test.autoconfigure.web.servlet.MockMvcWebDriverAutoConfiguration, org.springframework.boot.autoconfigure.security.oauth2.client.servlet.OAuth2ClientAutoConfiguration, org.springframework.boot.autoconfigure.security.oauth2.resource.servlet.OAuth2ResourceServerAutoConfiguration, org.springframework.boot.autoconfigure.security.servlet.SecurityAutoConfiguration, org.springframework.boot.autoconfigure.security.servlet.SecurityFilterAutoConfiguration, org.springframework.boot.autoconfigure.security.servlet.UserDetailsServiceAutoConfiguration, org.springframework.boot.test.autoconfigure.web.servlet.MockMvcSecurityConfiguration]], org.springframework.boot.test.context.filter.ExcludeFilterContextCustomizer@70dcfbec, org.springframework.boot.test.json.DuplicateJsonObjectContextCustomizerFactory$DuplicateJsonObjectContextCustomizer@3e9159a8, org.springframework.boot.test.mock.mockito.MockitoContextCustomizer@0, org.springframework.boot.test.context.SpringBootTestArgs@1, org.springframework.boot.test.context.SpringBootTestWebEnvironment@0], resourceBasePath = 'src/main/webapp', contextLoader = 'org.springframework.boot.test.context.SpringBootContextLoader', parent = [null]], attributes = map[[empty]]]].
17:04:27.819 [Test worker] DEBUG org.springframework.test.context.support.TestPropertySourceUtils - Adding inlined properties to environment: {spring.jmx.enabled=false, org.springframework.boot.test.autoconfigure.web.servlet.WebMvcTestContextBootstrapper=true}

  .   ____          _            __ _ _
 /\\ / ___'_ __ _ _(_)_ __  __ _ \ \ \ \
( ( )\___ | '_ | '_| | '_ \/ _` | \ \ \ \
 \\/  ___)| |_)| | | | | || (_| |  ) ) ) )
  '  |____| .__|_| |_|_| |_\__, | / / / /
 =========|_|==============|___/=/_/_/_/
 :: Spring Boot ::                (v2.4.1)

2021-12-29 17:04:28.161  INFO 23256 --- [    Test worker] c.t.b.s.web.HelloControllerTest          : Starting HelloControllerTest using Java 1.8.0_241 on DESKTOP-O8G5OBD with PID 23256 (started by Tmaxsoft PS3-2 KBJ in D:\my-improvement-ability\Spring\intellij-workspace)
2021-12-29 17:04:28.164  INFO 23256 --- [    Test worker] c.t.b.s.web.HelloControllerTest          : No active profile set, falling back to default profiles: default
2021-12-29 17:04:29.404  INFO 23256 --- [    Test worker] o.s.s.concurrent.ThreadPoolTaskExecutor  : Initializing ExecutorService 'applicationTaskExecutor'
2021-12-29 17:04:29.503  INFO 23256 --- [    Test worker] o.s.b.a.w.s.WelcomePageHandlerMapping    : Adding welcome page template: index
2021-12-29 17:04:29.989  INFO 23256 --- [    Test worker] o.s.s.web.DefaultSecurityFilterChain     : Will secure any request with [org.springframework.security.web.context.request.async.WebAsyncManagerIntegrationFilter@68fa0d56, org.springframework.security.web.context.SecurityContextPersistenceFilter@142da76b, org.springframework.security.web.header.HeaderWriterFilter@209608b1, org.springframework.security.web.csrf.CsrfFilter@2a0c1d32, org.springframework.security.web.authentication.logout.LogoutFilter@1b852719, org.springframework.security.oauth2.client.web.OAuth2AuthorizationRequestRedirectFilter@5bb7bbd, org.springframework.security.oauth2.client.web.OAuth2AuthorizationRequestRedirectFilter@29cb9df, org.springframework.security.oauth2.client.web.OAuth2LoginAuthenticationFilter@3eb722dc, org.springframework.security.web.authentication.ui.DefaultLoginPageGeneratingFilter@43f3c68a, org.springframework.security.web.authentication.ui.DefaultLogoutPageGeneratingFilter@311aad9f, org.springframework.security.web.savedrequest.RequestCacheAwareFilter@1f968ee, org.springframework.security.web.servletapi.SecurityContextHolderAwareRequestFilter@605c904f, org.springframework.security.web.authentication.AnonymousAuthenticationFilter@7474b1bb, org.springframework.security.oauth2.client.web.OAuth2AuthorizationCodeGrantFilter@712691a6, org.springframework.security.web.session.SessionManagementFilter@5a8d2ded, org.springframework.security.web.access.ExceptionTranslationFilter@6b50294b, org.springframework.security.web.access.intercept.FilterSecurityInterceptor@1d4e58e]
2021-12-29 17:04:30.118  INFO 23256 --- [    Test worker] o.s.b.t.m.w.SpringBootMockServletContext : Initializing Spring TestDispatcherServlet ''
2021-12-29 17:04:30.118  INFO 23256 --- [    Test worker] o.s.t.web.servlet.TestDispatcherServlet  : Initializing Servlet ''
2021-12-29 17:04:30.119  INFO 23256 --- [    Test worker] o.s.t.web.servlet.TestDispatcherServlet  : Completed initialization in 1 ms
2021-12-29 17:04:30.147  INFO 23256 --- [    Test worker] c.t.b.s.web.HelloControllerTest          : Started HelloControllerTest in 2.321 seconds (JVM running for 4.363)
]]></system-out>
  <system-err><![CDATA[]]></system-err>
</testsuite>
