<?xml version="1.0" encoding="UTF-8"?>
<testsuite name="com.tmax.bjk.springboot.web.PostsApiControllerTest" tests="2" skipped="0" failures="0" errors="0" timestamp="2022-01-06T07:45:23" hostname="DESKTOP-O8G5OBD" time="0.12">
  <properties/>
  <testcase name="Posts_등록()" classname="com.tmax.bjk.springboot.web.PostsApiControllerTest" time="0.076"/>
  <testcase name="Posts_수정()" classname="com.tmax.bjk.springboot.web.PostsApiControllerTest" time="0.042"/>
  <system-out><![CDATA[2022-01-06 16:45:23.348  INFO 8388 --- [    Test worker] .b.t.c.SpringBootTestContextBootstrapper : Neither @ContextConfiguration nor @ContextHierarchy found for test class [com.tmax.bjk.springboot.web.PostsApiControllerTest], using SpringBootContextLoader
2022-01-06 16:45:23.349  INFO 8388 --- [    Test worker] o.s.t.c.support.AbstractContextLoader    : Could not detect default resource locations for test class [com.tmax.bjk.springboot.web.PostsApiControllerTest]: no resource found for suffixes {-context.xml, Context.groovy}.
2022-01-06 16:45:23.350  INFO 8388 --- [    Test worker] t.c.s.AnnotationConfigContextLoaderUtils : Could not detect default configuration classes for test class [com.tmax.bjk.springboot.web.PostsApiControllerTest]: PostsApiControllerTest does not declare any static, non-private, non-final, nested classes annotated with @Configuration.
2022-01-06 16:45:23.352  INFO 8388 --- [    Test worker] .b.t.c.SpringBootTestContextBootstrapper : Found @SpringBootConfiguration com.tmax.bjk.springboot.Application for test class com.tmax.bjk.springboot.web.PostsApiControllerTest
2022-01-06 16:45:23.353  INFO 8388 --- [    Test worker] .b.t.c.SpringBootTestContextBootstrapper : Loaded default TestExecutionListener class names from location [META-INF/spring.factories]: [org.springframework.security.test.context.support.WithSecurityContextTestExecutionListener, org.springframework.security.test.context.support.ReactorContextTestExecutionListener, org.springframework.boot.test.autoconfigure.restdocs.RestDocsTestExecutionListener, org.springframework.boot.test.autoconfigure.web.client.MockRestServiceServerResetTestExecutionListener, org.springframework.boot.test.autoconfigure.web.servlet.MockMvcPrintOnlyOnFailureTestExecutionListener, org.springframework.boot.test.autoconfigure.web.servlet.WebDriverTestExecutionListener, org.springframework.boot.test.autoconfigure.webservices.client.MockWebServiceServerTestExecutionListener, org.springframework.boot.test.mock.mockito.MockitoTestExecutionListener, org.springframework.boot.test.mock.mockito.ResetMocksTestExecutionListener, org.springframework.test.context.web.ServletTestExecutionListener, org.springframework.test.context.support.DirtiesContextBeforeModesTestExecutionListener, org.springframework.test.context.support.DependencyInjectionTestExecutionListener, org.springframework.test.context.support.DirtiesContextTestExecutionListener, org.springframework.test.context.transaction.TransactionalTestExecutionListener, org.springframework.test.context.jdbc.SqlScriptsTestExecutionListener, org.springframework.test.context.event.EventPublishingTestExecutionListener]
2022-01-06 16:45:23.354  INFO 8388 --- [    Test worker] .b.t.c.SpringBootTestContextBootstrapper : Using TestExecutionListeners: [org.springframework.test.context.web.ServletTestExecutionListener@65f5bda4, org.springframework.test.context.support.DirtiesContextBeforeModesTestExecutionListener@2951d4d, org.springframework.boot.test.mock.mockito.MockitoTestExecutionListener@511766d1, org.springframework.boot.test.autoconfigure.SpringBootDependencyInjectionTestExecutionListener@531ef42e, org.springframework.test.context.support.DirtiesContextTestExecutionListener@1b4e7b74, org.springframework.test.context.transaction.TransactionalTestExecutionListener@319b7225, org.springframework.test.context.jdbc.SqlScriptsTestExecutionListener@5bd0ab29, org.springframework.security.test.context.support.WithSecurityContextTestExecutionListener@7fcb8bf9, org.springframework.test.context.event.EventPublishingTestExecutionListener@1736caaf, org.springframework.security.test.context.support.ReactorContextTestExecutionListener@7d569836, org.springframework.boot.test.autoconfigure.restdocs.RestDocsTestExecutionListener@2381fd56, org.springframework.boot.test.autoconfigure.web.client.MockRestServiceServerResetTestExecutionListener@362e9c, org.springframework.boot.test.autoconfigure.web.servlet.MockMvcPrintOnlyOnFailureTestExecutionListener@21f4ff87, org.springframework.boot.test.autoconfigure.web.servlet.WebDriverTestExecutionListener@68aa54a7, org.springframework.boot.test.autoconfigure.webservices.client.MockWebServiceServerTestExecutionListener@44ed7fa9, org.springframework.boot.test.mock.mockito.ResetMocksTestExecutionListener@751efb66]
2022-01-06 16:45:23.365  INFO 8388 --- [    Test worker] o.a.c.c.C.[Tomcat].[localhost].[/]       : Initializing Spring TestDispatcherServlet ''
2022-01-06 16:45:23.366  INFO 8388 --- [    Test worker] o.s.t.web.servlet.TestDispatcherServlet  : Initializing Servlet ''
2022-01-06 16:45:23.366  INFO 8388 --- [    Test worker] o.s.t.web.servlet.TestDispatcherServlet  : Completed initialization in 0 ms
Hibernate: insert into posts (created_date, modified_date, author, content, title) values (?, ?, ?, ?, ?)
Hibernate: select posts0_.id as id1_0_, posts0_.created_date as created_2_0_, posts0_.modified_date as modified3_0_, posts0_.author as author4_0_, posts0_.content as content5_0_, posts0_.title as title6_0_ from posts posts0_
Hibernate: select posts0_.id as id1_0_, posts0_.created_date as created_2_0_, posts0_.modified_date as modified3_0_, posts0_.author as author4_0_, posts0_.content as content5_0_, posts0_.title as title6_0_ from posts posts0_
Hibernate: delete from posts where id=?
2022-01-06 16:45:23.438  INFO 8388 --- [    Test worker] o.a.c.c.C.[Tomcat].[localhost].[/]       : Initializing Spring TestDispatcherServlet ''
2022-01-06 16:45:23.438  INFO 8388 --- [    Test worker] o.s.t.web.servlet.TestDispatcherServlet  : Initializing Servlet ''
2022-01-06 16:45:23.440  INFO 8388 --- [    Test worker] o.s.t.web.servlet.TestDispatcherServlet  : Completed initialization in 2 ms
Hibernate: insert into posts (created_date, modified_date, author, content, title) values (?, ?, ?, ?, ?)
Hibernate: select posts0_.id as id1_0_0_, posts0_.created_date as created_2_0_0_, posts0_.modified_date as modified3_0_0_, posts0_.author as author4_0_0_, posts0_.content as content5_0_0_, posts0_.title as title6_0_0_ from posts posts0_ where posts0_.id=?
Hibernate: update posts set created_date=?, modified_date=?, author=?, content=?, title=? where id=?
Hibernate: select posts0_.id as id1_0_, posts0_.created_date as created_2_0_, posts0_.modified_date as modified3_0_, posts0_.author as author4_0_, posts0_.content as content5_0_, posts0_.title as title6_0_ from posts posts0_
Hibernate: select posts0_.id as id1_0_, posts0_.created_date as created_2_0_, posts0_.modified_date as modified3_0_, posts0_.author as author4_0_, posts0_.content as content5_0_, posts0_.title as title6_0_ from posts posts0_
Hibernate: delete from posts where id=?
]]></system-out>
  <system-err><![CDATA[]]></system-err>
</testsuite>
