<?xml version="1.0" encoding="UTF-8"?>
<testsuite name="com.tmax.bjk.springboot.web.dto.HelloResponseDtoTest" tests="1" skipped="0" failures="0" errors="0" timestamp="2021-12-29T08:04:34" hostname="DESKTOP-O8G5OBD" time="0.004">
  <properties/>
  <testcase name="롬븍_기능_테스트()" classname="com.tmax.bjk.springboot.web.dto.HelloResponseDtoTest" time="0.004"/>
  <system-out><![CDATA[]]></system-out>
  <system-err><![CDATA[]]></system-err>
</testsuite>
